<?xml version="1.0" encoding="UTF-8"?>
<!-- Generated by org.testng.reporters.JUnitXMLReporter -->
<testsuite ignored="0" hostname="MSI" failures="1" tests="3" name="Error Validation Test" time="30.749" errors="0" timestamp="2024-06-09T00:36:13 IST">
  <testcase classname="Tests.ErrorValidationTest" name="loginErrorValidation" time="0.503">
    <skipped/>
  </testcase> <!-- loginErrorValidation -->
  <testcase classname="Tests.ErrorValidationTest" name="loginErrorValidation" time="0.383">
    <failure type="java.lang.AssertionError" message="expected [Incorrect email or password.] but found [Incorrect email  password.]">
      <![CDATA[java.lang.AssertionError: expected [Incorrect email or password.] but found [Incorrect email  password.]
at Tests.ErrorValidationTest.loginErrorValidation(ErrorValidationTest.java:19)
at java.base/java.util.ArrayList.forEach(ArrayList.java:1511)
at java.base/java.util.concurrent.FutureTask.run(FutureTask.java:264)
at java.base/java.util.concurrent.ThreadPoolExecutor.runWorker(ThreadPoolExecutor.java:1136)
at java.base/java.util.concurrent.ThreadPoolExecutor$Worker.run(ThreadPoolExecutor.java:635)
at java.base/java.lang.Thread.run(Thread.java:833)
... Removed 23 stack frames]]>
    </failure>
  </testcase> <!-- loginErrorValidation -->
  <testcase classname="Tests.ErrorValidationTest" name="productErrorValidation" time="19.247"/>
</testsuite> <!-- Error Validation Test -->
