<?xml version="1.0" encoding="UTF-8"?>
<testng-results retried="1" ignored="1" total="7" passed="4" failed="1" skipped="0">
  <reporter-output>
  </reporter-output>
  <suite started-at="2024-06-09T00:35:42 IST" name="Suite" finished-at="2024-06-09T00:36:24 IST" duration-ms="42144">
    <groups>
      <group name="ErrorHandling">
        <method signature="ErrorValidationTest.loginErrorValidation()[pri:0, instance:Tests.ErrorValidationTest@db57326]" name="loginErrorValidation" class="Tests.ErrorValidationTest"/>
      </group> <!-- ErrorHandling -->
      <group name="Purchase">
        <method signature="SubmitOrderTest.submitOrder(java.util.HashMap)[pri:0, instance:Tests.SubmitOrderTest@8c3619e]" name="submitOrder" class="Tests.SubmitOrderTest"/>
      </group> <!-- Purchase -->
    </groups>
    <test started-at="2024-06-09T00:35:42 IST" name="Error Validation Test" finished-at="2024-06-09T00:36:12 IST" duration-ms="30749">
      <class name="Tests.ErrorValidationTest">
        <test-method is-config="true" signature="launchApplication()[pri:0, instance:Tests.ErrorValidationTest@db57326]" started-at="2024-06-09T00:35:42 IST" name="launchApplication" finished-at="2024-06-09T00:35:45 IST" duration-ms="3302" status="PASS">
          <reporter-output>
          </reporter-output>
        </test-method> <!-- launchApplication -->
        <test-method retried="true" signature="loginErrorValidation()[pri:0, instance:Tests.ErrorValidationTest@db57326]" started-at="2024-06-09T00:35:45 IST" name="loginErrorValidation" finished-at="2024-06-09T00:35:45 IST" duration-ms="503" status="SKIP">
          <exception class="java.lang.AssertionError">
            <message>
              <![CDATA[expected [Incorrect email or password.] but found [Incorrect email  password.]]]>
            </message>
            <full-stacktrace>
              <![CDATA[java.lang.AssertionError: expected [Incorrect email or password.] but found [Incorrect email  password.]
at org.testng.Assert.fail(Assert.java:111)
at org.testng.Assert.failNotEquals(Assert.java:1578)
at org.testng.Assert.assertEqualsImpl(Assert.java:150)
at org.testng.Assert.assertEquals(Assert.java:132)
at org.testng.Assert.assertEquals(Assert.java:656)
at org.testng.Assert.assertEquals(Assert.java:666)
at Tests.ErrorValidationTest.loginErrorValidation(ErrorValidationTest.java:19)
at java.base/jdk.internal.reflect.NativeMethodAccessorImpl.invoke0(Native Method)
at java.base/jdk.internal.reflect.NativeMethodAccessorImpl.invoke(NativeMethodAccessorImpl.java:77)
at java.base/jdk.internal.reflect.DelegatingMethodAccessorImpl.invoke(DelegatingMethodAccessorImpl.java:43)
at java.base/java.lang.reflect.Method.invoke(Method.java:568)
at org.testng.internal.invokers.MethodInvocationHelper.invokeMethod(MethodInvocationHelper.java:139)
at org.testng.internal.invokers.TestInvoker.invokeMethod(TestInvoker.java:664)
at org.testng.internal.invokers.TestInvoker.invokeTestMethod(TestInvoker.java:228)
at org.testng.internal.invokers.MethodRunner.runInSequence(MethodRunner.java:63)
at org.testng.internal.invokers.TestInvoker$MethodInvocationAgent.invoke(TestInvoker.java:961)
at org.testng.internal.invokers.TestInvoker.invokeTestMethods(TestInvoker.java:201)
at org.testng.internal.invokers.TestMethodWorker.invokeTestMethods(TestMethodWorker.java:148)
at org.testng.internal.invokers.TestMethodWorker.run(TestMethodWorker.java:128)
at java.base/java.util.ArrayList.forEach(ArrayList.java:1511)
at org.testng.TestRunner.privateRun(TestRunner.java:819)
at org.testng.TestRunner.run(TestRunner.java:619)
at org.testng.SuiteRunner.runTest(SuiteRunner.java:443)
at org.testng.SuiteRunner$SuiteWorker.run(SuiteRunner.java:481)
at org.testng.internal.thread.ThreadUtil.lambda$execute$0(ThreadUtil.java:58)
at java.base/java.util.concurrent.FutureTask.run(FutureTask.java:264)
at java.base/java.util.concurrent.ThreadPoolExecutor.runWorker(ThreadPoolExecutor.java:1136)
at java.base/java.util.concurrent.ThreadPoolExecutor$Worker.run(ThreadPoolExecutor.java:635)
at java.base/java.lang.Thread.run(Thread.java:833)
]]>
            </full-stacktrace>
          </exception> <!-- java.lang.AssertionError -->
          <reporter-output>
          </reporter-output>
        </test-method> <!-- loginErrorValidation -->
        <test-method is-config="true" signature="tearDown()[pri:0, instance:Tests.ErrorValidationTest@db57326]" started-at="2024-06-09T00:35:45 IST" name="tearDown" finished-at="2024-06-09T00:35:46 IST" duration-ms="96" status="PASS">
          <reporter-output>
          </reporter-output>
        </test-method> <!-- tearDown -->
        <test-method is-config="true" signature="launchApplication()[pri:0, instance:Tests.ErrorValidationTest@db57326]" started-at="2024-06-09T00:35:46 IST" name="launchApplication" finished-at="2024-06-09T00:35:50 IST" duration-ms="3987" status="PASS">
          <reporter-output>
          </reporter-output>
        </test-method> <!-- launchApplication -->
        <test-method signature="loginErrorValidation()[pri:0, instance:Tests.ErrorValidationTest@db57326]" started-at="2024-06-09T00:35:50 IST" name="loginErrorValidation" finished-at="2024-06-09T00:35:50 IST" duration-ms="383" status="FAIL">
          <exception class="java.lang.AssertionError">
            <message>
              <![CDATA[expected [Incorrect email or password.] but found [Incorrect email  password.]]]>
            </message>
            <full-stacktrace>
              <![CDATA[java.lang.AssertionError: expected [Incorrect email or password.] but found [Incorrect email  password.]
at org.testng.Assert.fail(Assert.java:111)
at org.testng.Assert.failNotEquals(Assert.java:1578)
at org.testng.Assert.assertEqualsImpl(Assert.java:150)
at org.testng.Assert.assertEquals(Assert.java:132)
at org.testng.Assert.assertEquals(Assert.java:656)
at org.testng.Assert.assertEquals(Assert.java:666)
at Tests.ErrorValidationTest.loginErrorValidation(ErrorValidationTest.java:19)
at java.base/jdk.internal.reflect.NativeMethodAccessorImpl.invoke0(Native Method)
at java.base/jdk.internal.reflect.NativeMethodAccessorImpl.invoke(NativeMethodAccessorImpl.java:77)
at java.base/jdk.internal.reflect.DelegatingMethodAccessorImpl.invoke(DelegatingMethodAccessorImpl.java:43)
at java.base/java.lang.reflect.Method.invoke(Method.java:568)
at org.testng.internal.invokers.MethodInvocationHelper.invokeMethod(MethodInvocationHelper.java:139)
at org.testng.internal.invokers.TestInvoker.invokeMethod(TestInvoker.java:664)
at org.testng.internal.invokers.TestInvoker.retryFailed(TestInvoker.java:249)
at org.testng.internal.invokers.MethodRunner.runInSequence(MethodRunner.java:76)
at org.testng.internal.invokers.TestInvoker$MethodInvocationAgent.invoke(TestInvoker.java:961)
at org.testng.internal.invokers.TestInvoker.invokeTestMethods(TestInvoker.java:201)
at org.testng.internal.invokers.TestMethodWorker.invokeTestMethods(TestMethodWorker.java:148)
at org.testng.internal.invokers.TestMethodWorker.run(TestMethodWorker.java:128)
at java.base/java.util.ArrayList.forEach(ArrayList.java:1511)
at org.testng.TestRunner.privateRun(TestRunner.java:819)
at org.testng.TestRunner.run(TestRunner.java:619)
at org.testng.SuiteRunner.runTest(SuiteRunner.java:443)
at org.testng.SuiteRunner$SuiteWorker.run(SuiteRunner.java:481)
at org.testng.internal.thread.ThreadUtil.lambda$execute$0(ThreadUtil.java:58)
at java.base/java.util.concurrent.FutureTask.run(FutureTask.java:264)
at java.base/java.util.concurrent.ThreadPoolExecutor.runWorker(ThreadPoolExecutor.java:1136)
at java.base/java.util.concurrent.ThreadPoolExecutor$Worker.run(ThreadPoolExecutor.java:635)
at java.base/java.lang.Thread.run(Thread.java:833)
]]>
            </full-stacktrace>
          </exception> <!-- java.lang.AssertionError -->
          <reporter-output>
          </reporter-output>
        </test-method> <!-- loginErrorValidation -->
        <test-method is-config="true" signature="tearDown()[pri:0, instance:Tests.ErrorValidationTest@db57326]" started-at="2024-06-09T00:35:50 IST" name="tearDown" finished-at="2024-06-09T00:35:50 IST" duration-ms="86" status="PASS">
          <reporter-output>
          </reporter-output>
        </test-method> <!-- tearDown -->
        <test-method is-config="true" signature="launchApplication()[pri:0, instance:Tests.ErrorValidationTest@db57326]" started-at="2024-06-09T00:35:50 IST" name="launchApplication" finished-at="2024-06-09T00:35:53 IST" duration-ms="2721" status="PASS">
          <reporter-output>
          </reporter-output>
        </test-method> <!-- launchApplication -->
        <test-method signature="productErrorValidation()[pri:0, instance:Tests.ErrorValidationTest@db57326]" started-at="2024-06-09T00:35:53 IST" name="productErrorValidation" finished-at="2024-06-09T00:36:12 IST" duration-ms="19247" status="PASS">
          <reporter-output>
          </reporter-output>
        </test-method> <!-- productErrorValidation -->
        <test-method is-config="true" signature="tearDown()[pri:0, instance:Tests.ErrorValidationTest@db57326]" started-at="2024-06-09T00:36:12 IST" name="tearDown" finished-at="2024-06-09T00:36:12 IST" duration-ms="68" status="PASS">
          <reporter-output>
          </reporter-output>
        </test-method> <!-- tearDown -->
      </class> <!-- Tests.ErrorValidationTest -->
    </test> <!-- Error Validation Test -->
    <test started-at="2024-06-09T00:35:42 IST" name="Submit Order Test" finished-at="2024-06-09T00:36:24 IST" duration-ms="42144">
      <class name="Tests.SubmitOrderTest">
        <test-method is-config="true" signature="launchApplication()[pri:0, instance:Tests.SubmitOrderTest@8c3619e]" started-at="2024-06-09T00:35:42 IST" name="launchApplication" finished-at="2024-06-09T00:35:45 IST" duration-ms="3299" status="PASS">
          <reporter-output>
          </reporter-output>
        </test-method> <!-- launchApplication -->
        <test-method signature="submitOrder(java.util.HashMap)[pri:0, instance:Tests.SubmitOrderTest@8c3619e]" started-at="2024-06-09T00:35:45 IST" name="submitOrder" data-provider="getData" finished-at="2024-06-09T00:36:01 IST" duration-ms="15596" status="PASS">
          <params>
            <param index="0">
              <value>
                <![CDATA[{password=Pass@1234, product=ADIDAS ORIGINAL, email=sayan@mail.com}]]>
              </value>
            </param>
          </params>
          <reporter-output>
          </reporter-output>
        </test-method> <!-- submitOrder -->
        <test-method is-config="true" signature="tearDown()[pri:0, instance:Tests.SubmitOrderTest@8c3619e]" started-at="2024-06-09T00:36:01 IST" name="tearDown" finished-at="2024-06-09T00:36:01 IST" duration-ms="79" status="PASS">
          <reporter-output>
          </reporter-output>
        </test-method> <!-- tearDown -->
        <test-method is-config="true" signature="launchApplication()[pri:0, instance:Tests.SubmitOrderTest@8c3619e]" started-at="2024-06-09T00:36:01 IST" name="launchApplication" finished-at="2024-06-09T00:36:05 IST" duration-ms="4199" status="PASS">
          <reporter-output>
          </reporter-output>
        </test-method> <!-- launchApplication -->
        <test-method signature="submitOrder(java.util.HashMap)[pri:0, instance:Tests.SubmitOrderTest@8c3619e]" started-at="2024-06-09T00:36:05 IST" name="submitOrder" data-provider="getData" finished-at="2024-06-09T00:36:20 IST" duration-ms="15193" status="PASS">
          <params>
            <param index="0">
              <value>
                <![CDATA[{password=Pass@1234, product=IPHONE 13 PRO, email=sayan@mail.com}]]>
              </value>
            </param>
          </params>
          <reporter-output>
          </reporter-output>
        </test-method> <!-- submitOrder -->
        <test-method is-config="true" signature="tearDown()[pri:0, instance:Tests.SubmitOrderTest@8c3619e]" started-at="2024-06-09T00:36:20 IST" name="tearDown" finished-at="2024-06-09T00:36:20 IST" duration-ms="82" status="PASS">
          <reporter-output>
          </reporter-output>
        </test-method> <!-- tearDown -->
        <test-method is-config="true" signature="launchApplication()[pri:0, instance:Tests.SubmitOrderTest@8c3619e]" started-at="2024-06-09T00:36:20 IST" name="launchApplication" finished-at="2024-06-09T00:36:23 IST" duration-ms="2795" status="PASS">
          <reporter-output>
          </reporter-output>
        </test-method> <!-- launchApplication -->
        <test-method signature="orderHistoryTest()[pri:0, instance:Tests.SubmitOrderTest@8c3619e]" started-at="2024-06-09T00:36:23 IST" name="orderHistoryTest" finished-at="2024-06-09T00:36:24 IST" depends-on-methods="Tests.SubmitOrderTest.submitOrder" duration-ms="624" status="PASS">
          <reporter-output>
          </reporter-output>
        </test-method> <!-- orderHistoryTest -->
        <test-method is-config="true" signature="tearDown()[pri:0, instance:Tests.SubmitOrderTest@8c3619e]" started-at="2024-06-09T00:36:24 IST" name="tearDown" finished-at="2024-06-09T00:36:24 IST" duration-ms="79" status="PASS">
          <reporter-output>
          </reporter-output>
        </test-method> <!-- tearDown -->
      </class> <!-- Tests.SubmitOrderTest -->
    </test> <!-- Submit Order Test -->
  </suite> <!-- Suite -->
</testng-results>
